[15:08:32] [ERROR] [FabricLoader/]: Uncaught exception in thread "main"
java.lang.NoClassDefFoundError: org/spongepowered/asm/launch/MixinBootstrap
	at net.fabricmc.loader.impl.game.LoaderLibrary.<clinit>(LoaderLibrary.java:41)
	at net.fabricmc.loader.impl.game.LibClassifier.<init>(LibClassifier.java:98)
	at net.fabricmc.loader.impl.game.minecraft.MinecraftGameProvider.locateGame(MinecraftGameProvider.java:171)
	at net.fabricmc.loader.impl.launch.knot.Knot.createGameProvider(Knot.java:177)
	at net.fabricmc.loader.impl.launch.knot.Knot.init(Knot.java:130)
	at net.fabricmc.loader.impl.launch.knot.Knot.launch(Knot.java:68)
	at net.fabricmc.loader.impl.launch.knot.KnotClient.main(KnotClient.java:23)
	Suppressed: java.lang.NoClassDefFoundError: net/fabricmc/accesswidener/AccessWidenerVisitor
		at net.fabricmc.loader.impl.launch.FabricLauncherBase$1.uncaughtException(FabricLauncherBase.java:104)
		at java.base/java.lang.ThreadGroup.uncaughtException(Unknown Source)
		at java.base/java.lang.ThreadGroup.uncaughtException(Unknown Source)
		at java.base/java.lang.Thread.dispatchUncaughtException(Unknown Source)
	Caused by: java.lang.ClassNotFoundException: net.fabricmc.accesswidener.AccessWidenerVisitor
		at java.base/jdk.internal.loader.BuiltinClassLoader.loadClass(Unknown Source)
		at java.base/jdk.internal.loader.ClassLoaders$AppClassLoader.loadClass(Unknown Source)
		at java.base/java.lang.ClassLoader.loadClass(Unknown Source)
		... 4 more
Caused by: java.lang.ClassNotFoundException: org.spongepowered.asm.launch.MixinBootstrap
	at java.base/jdk.internal.loader.BuiltinClassLoader.loadClass(Unknown Source)
	at java.base/jdk.internal.loader.ClassLoaders$AppClassLoader.loadClass(Unknown Source)
	at java.base/java.lang.ClassLoader.loadClass(Unknown Source)
	... 7 more
