[11:13:02] [main/INFO]: Loading Minecraft 1.16.5 with Fabric Loader 0.14.9
[11:13:02] [main/INFO]: Loading 3 mods:
	- fabricloader 0.14.9
	- java 16
	- minecraft 1.16.5
[11:13:02] [main/INFO]: SpongePowered MIXIN Subsystem Version=0.8.5 Source=file:/C:/Users/Sharll/Desktop/HMCL/.minecraft/libraries/net/fabricmc/sponge-mixin/0.11.4+mixin.0.8.5/sponge-mixin-0.11.4+mixin.0.8.5.jar Service=Knot/Fabric Env=CLIENT
[11:13:08] [main/INFO]: Environment: authHost='https://authserver.mojang.com', accountsHost='https://api.mojang.com', sessionHost='https://sessionserver.mojang.com', servicesHost='https://api.minecraftservices.com', name='PROD'
[11:13:09] [main/ERROR]: Failed to verify authentication
com.mojang.authlib.exceptions.AuthenticationUnavailableException: Cannot contact authentication server
	at com.mojang.authlib.yggdrasil.YggdrasilAuthenticationService.makeRequest(YggdrasilAuthenticationService.java:125) ~[authlib-2.1.28.jar:?]
	at com.mojang.authlib.yggdrasil.YggdrasilSocialInteractionsService.checkPrivileges(YggdrasilSocialInteractionsService.java:94) ~[authlib-2.1.28.jar:?]
	at com.mojang.authlib.yggdrasil.YggdrasilSocialInteractionsService.<init>(YggdrasilSocialInteractionsService.java:40) ~[authlib-2.1.28.jar:?]
	at com.mojang.authlib.yggdrasil.YggdrasilAuthenticationService.createSocialInteractionsService(YggdrasilAuthenticationService.java:152) ~[authlib-2.1.28.jar:?]
	at net.minecraft.class_310.method_31382(class_310.java:625) [client-intermediary.jar:?]
	at net.minecraft.class_310.<init>(class_310.java:409) [client-intermediary.jar:?]
	at net.minecraft.client.main.Main.main(Main.java:177) [client-intermediary.jar:?]
	at net.fabricmc.loader.impl.game.minecraft.MinecraftGameProvider.launch(MinecraftGameProvider.java:461) [fabric-loader-0.14.9.jar:?]
	at net.fabricmc.loader.impl.launch.knot.Knot.launch(Knot.java:74) [fabric-loader-0.14.9.jar:?]
	at net.fabricmc.loader.impl.launch.knot.KnotClient.main(KnotClient.java:23) [fabric-loader-0.14.9.jar:?]
Caused by: java.io.IOException: Server returned HTTP response code: 401 for URL: https://api.minecraftservices.com/privileges
	at sun.net.www.protocol.http.HttpURLConnection.getInputStream0(Unknown Source) ~[?:?]
	at sun.net.www.protocol.http.HttpURLConnection.getInputStream(Unknown Source) ~[?:?]
	at sun.net.www.protocol.https.HttpsURLConnectionImpl.getInputStream(Unknown Source) ~[?:?]
	at com.mojang.authlib.HttpAuthenticationService.performGetRequest(HttpAuthenticationService.java:140) ~[authlib-2.1.28.jar:?]
	at com.mojang.authlib.yggdrasil.YggdrasilAuthenticationService.makeRequest(YggdrasilAuthenticationService.java:104) ~[authlib-2.1.28.jar:?]
	... 9 more
[11:13:09] [main/INFO]: Setting user: sharll
[11:13:09] [main/INFO]: Backend library: LWJGL version 3.2.2 build 10
[11:13:14] [main/INFO]: Narrator library for x64 successfully loaded
[11:13:14] [main/INFO]: Reloading ResourceManager: Default
[11:13:15] [Realms Notification Availability checker #1/INFO]: Could not authorize you against Realms server: Invalid session id
[11:13:18] [main/INFO]: OpenAL initialized.
[11:13:18] [main/INFO]: Sound engine started
[11:13:19] [main/INFO]: Created: 1024x1024x4 minecraft:textures/atlas/blocks.png-atlas
[11:13:19] [main/INFO]: Created: 256x128x4 minecraft:textures/atlas/signs.png-atlas
[11:13:19] [main/INFO]: Created: 1024x512x4 minecraft:textures/atlas/banner_patterns.png-atlas
[11:13:19] [main/INFO]: Created: 1024x512x4 minecraft:textures/atlas/shield_patterns.png-atlas
[11:13:19] [main/INFO]: Created: 256x256x4 minecraft:textures/atlas/chest.png-atlas
[11:13:19] [main/INFO]: Created: 512x256x4 minecraft:textures/atlas/beds.png-atlas
[11:13:19] [main/INFO]: Created: 512x256x4 minecraft:textures/atlas/shulker_boxes.png-atlas
[11:13:19] [main/INFO]: Created: 256x256x0 minecraft:textures/atlas/particles.png-atlas
[11:13:19] [main/INFO]: Created: 256x256x0 minecraft:textures/atlas/paintings.png-atlas
[11:13:19] [main/INFO]: Created: 256x128x0 minecraft:textures/atlas/mob_effects.png-atlas
[11:14:34] [main/INFO]: Stopping!
